{
  "stats": {
    "suites": 2,
    "tests": 3,
    "passes": 3,
    "pending": 0,
    "failures": 0,
    "start": "2022-02-03T09:32:18.093Z",
    "end": "2022-02-03T09:32:18.839Z",
    "duration": 746,
    "testsRegistered": 3,
    "passPercent": 100,
    "pendingPercent": 0,
    "other": 0,
    "hasOther": false,
    "skipped": 0,
    "hasSkipped": false,
    "passPercentClass": "success",
    "pendingPercentClass": "danger"
  },
  "suites": {
    "uuid": "7bebd3c6-b726-4566-aa45-ab5a4fc3226a",
    "title": "",
    "fullFile": "",
    "file": "",
    "beforeHooks": [],
    "afterHooks": [],
    "tests": [],
    "suites": [
      {
        "uuid": "bc92337b-7e70-4344-af53-b9ef4c7a8390",
        "title": "Api add new address | /v1/account/address/me",
        "fullFile": "/Users/robbytin/Documents/project/result_sicepat/api/test/sicepat/test_get_id.js",
        "file": "/api/test/sicepat/test_get_id.js",
        "beforeHooks": [],
        "afterHooks": [],
        "tests": [],
        "suites": [
          {
            "uuid": "c87ea7fb-8251-4a7d-a763-0d0a439bcbe1",
            "title": "Test case positive API Address",
            "fullFile": "/Users/robbytin/Documents/project/result_sicepat/api/test/sicepat/test_get_id.js",
            "file": "/api/test/sicepat/test_get_id.js",
            "beforeHooks": [],
            "afterHooks": [],
            "tests": [
              {
                "title": "@post @addNewAddressAs a user I want to get data id",
                "fullTitle": "Api add new address | /v1/account/address/me Test case positive API Address @post @addNewAddressAs a user I want to get data id",
                "timedOut": false,
                "duration": 314,
                "state": "passed",
                "speed": "slow",
                "pass": true,
                "fail": false,
                "pending": false,
                "code": "const response = await pageGetId.getId();\nassert(response.status).to.equal(code.successOk);\nassert(response.body[0].id).to.equal(1)\nresponseId = response.body[0].id\nid = responseId",
                "err": {},
                "isRoot": false,
                "uuid": "5cf4ecf2-5ace-4ab9-ba04-536167b64563",
                "isHook": false,
                "skipped": false
              },
              {
                "title": "@post @addNewAddressAs a user I want to get data id",
                "fullTitle": "Api add new address | /v1/account/address/me Test case positive API Address @post @addNewAddressAs a user I want to get data id",
                "timedOut": false,
                "duration": 189,
                "state": "passed",
                "speed": "slow",
                "pass": true,
                "fail": false,
                "pending": false,
                "code": "const response = await pageGetId.getUserId(id);\nassert(response.status).to.equal(code.successOk);",
                "err": {},
                "isRoot": false,
                "uuid": "e5683ee2-9777-4f0a-810a-01a07fe52577",
                "isHook": false,
                "skipped": false
              },
              {
                "title": "@post @addNewAddressAs a user I want to get data id",
                "fullTitle": "Api add new address | /v1/account/address/me Test case positive API Address @post @addNewAddressAs a user I want to get data id",
                "timedOut": false,
                "duration": 210,
                "state": "passed",
                "speed": "slow",
                "pass": true,
                "fail": false,
                "pending": false,
                "code": "const response = await pageGetId.getUserIdComment(id);\nassert(response.status).to.equal(code.successOk);\nconsole.log(response.body);",
                "err": {},
                "isRoot": false,
                "uuid": "8182f1ea-34a7-4c38-b632-738f0c5ecae0",
                "isHook": false,
                "skipped": false
              }
            ],
            "suites": [],
            "passes": [
              "5cf4ecf2-5ace-4ab9-ba04-536167b64563",
              "e5683ee2-9777-4f0a-810a-01a07fe52577",
              "8182f1ea-34a7-4c38-b632-738f0c5ecae0"
            ],
            "failures": [],
            "pending": [],
            "skipped": [],
            "duration": 713,
            "root": false,
            "rootEmpty": false,
            "_timeout": 180000
          }
        ],
        "passes": [],
        "failures": [],
        "pending": [],
        "skipped": [],
        "duration": 0,
        "root": false,
        "rootEmpty": false,
        "_timeout": 180000
      }
    ],
    "passes": [],
    "failures": [],
    "pending": [],
    "skipped": [],
    "duration": 0,
    "root": true,
    "rootEmpty": true,
    "_timeout": 180000
  },
  "copyrightYear": 2022
}